mode: set
github.com/dianlight/gollama.cpp/config.go:53.30,89.2 2 1
github.com/dianlight/gollama.cpp/config.go:92.47,95.39 2 0
github.com/dianlight/gollama.cpp/config.go:95.39,97.3 1 0
github.com/dianlight/gollama.cpp/config.go:99.2,100.16 2 0
github.com/dianlight/gollama.cpp/config.go:100.16,102.3 1 0
github.com/dianlight/gollama.cpp/config.go:104.2,105.53 2 0
github.com/dianlight/gollama.cpp/config.go:105.53,107.3 1 0
github.com/dianlight/gollama.cpp/config.go:109.2,109.20 1 0
github.com/dianlight/gollama.cpp/config.go:113.34,117.59 2 1
github.com/dianlight/gollama.cpp/config.go:117.59,119.3 1 0
github.com/dianlight/gollama.cpp/config.go:120.2,120.64 1 1
github.com/dianlight/gollama.cpp/config.go:120.64,122.3 1 0
github.com/dianlight/gollama.cpp/config.go:123.2,123.67 1 1
github.com/dianlight/gollama.cpp/config.go:123.67,125.3 1 0
github.com/dianlight/gollama.cpp/config.go:126.2,126.67 1 1
github.com/dianlight/gollama.cpp/config.go:126.67,128.3 1 0
github.com/dianlight/gollama.cpp/config.go:129.2,129.58 1 1
github.com/dianlight/gollama.cpp/config.go:129.58,130.50 1 0
github.com/dianlight/gollama.cpp/config.go:130.50,132.4 1 0
github.com/dianlight/gollama.cpp/config.go:136.2,136.64 1 1
github.com/dianlight/gollama.cpp/config.go:136.64,137.63 1 0
github.com/dianlight/gollama.cpp/config.go:137.63,139.4 1 0
github.com/dianlight/gollama.cpp/config.go:141.2,141.55 1 1
github.com/dianlight/gollama.cpp/config.go:141.55,143.3 1 0
github.com/dianlight/gollama.cpp/config.go:144.2,144.61 1 1
github.com/dianlight/gollama.cpp/config.go:144.61,145.51 1 0
github.com/dianlight/gollama.cpp/config.go:145.51,147.4 1 0
github.com/dianlight/gollama.cpp/config.go:149.2,149.62 1 1
github.com/dianlight/gollama.cpp/config.go:149.62,151.3 1 0
github.com/dianlight/gollama.cpp/config.go:152.2,152.59 1 1
github.com/dianlight/gollama.cpp/config.go:152.59,154.3 1 0
github.com/dianlight/gollama.cpp/config.go:155.2,155.65 1 1
github.com/dianlight/gollama.cpp/config.go:155.65,157.3 1 0
github.com/dianlight/gollama.cpp/config.go:160.2,160.57 1 1
github.com/dianlight/gollama.cpp/config.go:160.57,161.59 1 0
github.com/dianlight/gollama.cpp/config.go:161.59,163.4 1 0
github.com/dianlight/gollama.cpp/config.go:165.2,165.59 1 1
github.com/dianlight/gollama.cpp/config.go:165.59,166.61 1 0
github.com/dianlight/gollama.cpp/config.go:166.61,168.4 1 0
github.com/dianlight/gollama.cpp/config.go:170.2,170.62 1 1
github.com/dianlight/gollama.cpp/config.go:170.62,171.62 1 0
github.com/dianlight/gollama.cpp/config.go:171.62,173.4 1 0
github.com/dianlight/gollama.cpp/config.go:175.2,175.65 1 1
github.com/dianlight/gollama.cpp/config.go:175.65,177.3 1 0
github.com/dianlight/gollama.cpp/config.go:178.2,178.68 1 1
github.com/dianlight/gollama.cpp/config.go:178.68,180.3 1 0
github.com/dianlight/gollama.cpp/config.go:183.2,183.57 1 1
github.com/dianlight/gollama.cpp/config.go:183.57,185.3 1 0
github.com/dianlight/gollama.cpp/config.go:186.2,186.59 1 1
github.com/dianlight/gollama.cpp/config.go:186.59,188.3 1 0
github.com/dianlight/gollama.cpp/config.go:189.2,189.65 1 1
github.com/dianlight/gollama.cpp/config.go:189.65,191.3 1 0
github.com/dianlight/gollama.cpp/config.go:192.2,192.74 1 1
github.com/dianlight/gollama.cpp/config.go:192.74,194.3 1 0
github.com/dianlight/gollama.cpp/config.go:197.2,197.65 1 1
github.com/dianlight/gollama.cpp/config.go:197.65,199.3 1 0
github.com/dianlight/gollama.cpp/config.go:200.2,200.60 1 1
github.com/dianlight/gollama.cpp/config.go:200.60,201.63 1 0
github.com/dianlight/gollama.cpp/config.go:201.63,203.4 1 0
github.com/dianlight/gollama.cpp/config.go:207.2,207.68 1 1
github.com/dianlight/gollama.cpp/config.go:207.68,209.3 1 0
github.com/dianlight/gollama.cpp/config.go:210.2,210.59 1 1
github.com/dianlight/gollama.cpp/config.go:210.59,212.3 1 0
github.com/dianlight/gollama.cpp/config.go:214.2,214.15 1 1
github.com/dianlight/gollama.cpp/config.go:218.48,221.47 2 0
github.com/dianlight/gollama.cpp/config.go:221.47,223.3 1 0
github.com/dianlight/gollama.cpp/config.go:225.2,226.16 2 0
github.com/dianlight/gollama.cpp/config.go:226.16,228.3 1 0
github.com/dianlight/gollama.cpp/config.go:230.2,230.55 1 0
github.com/dianlight/gollama.cpp/config.go:230.55,232.3 1 0
github.com/dianlight/gollama.cpp/config.go:234.2,234.12 1 0
github.com/dianlight/gollama.cpp/config.go:238.35,239.23 1 1
github.com/dianlight/gollama.cpp/config.go:239.23,241.3 1 0
github.com/dianlight/gollama.cpp/config.go:243.2,243.24 1 1
github.com/dianlight/gollama.cpp/config.go:243.24,245.3 1 0
github.com/dianlight/gollama.cpp/config.go:247.2,247.22 1 1
github.com/dianlight/gollama.cpp/config.go:247.22,249.3 1 0
github.com/dianlight/gollama.cpp/config.go:251.2,251.23 1 1
github.com/dianlight/gollama.cpp/config.go:251.23,253.3 1 0
github.com/dianlight/gollama.cpp/config.go:255.2,255.20 1 1
github.com/dianlight/gollama.cpp/config.go:255.20,257.3 1 0
github.com/dianlight/gollama.cpp/config.go:260.2,260.25 1 1
github.com/dianlight/gollama.cpp/config.go:260.25,261.59 1 0
github.com/dianlight/gollama.cpp/config.go:261.59,263.4 1 0
github.com/dianlight/gollama.cpp/config.go:267.2,267.22 1 1
github.com/dianlight/gollama.cpp/config.go:267.22,270.40 2 1
github.com/dianlight/gollama.cpp/config.go:270.40,272.4 1 1
github.com/dianlight/gollama.cpp/config.go:276.2,276.23 1 1
github.com/dianlight/gollama.cpp/config.go:276.23,277.57 1 0
github.com/dianlight/gollama.cpp/config.go:277.57,279.4 1 0
github.com/dianlight/gollama.cpp/config.go:283.2,284.25 2 1
github.com/dianlight/gollama.cpp/config.go:284.25,286.41 2 1
github.com/dianlight/gollama.cpp/config.go:286.41,287.32 1 1
github.com/dianlight/gollama.cpp/config.go:287.32,289.10 2 1
github.com/dianlight/gollama.cpp/config.go:292.3,292.13 1 1
github.com/dianlight/gollama.cpp/config.go:292.13,294.4 1 0
github.com/dianlight/gollama.cpp/config.go:298.2,298.30 1 1
github.com/dianlight/gollama.cpp/config.go:298.30,301.45 3 0
github.com/dianlight/gollama.cpp/config.go:301.45,302.39 1 0
github.com/dianlight/gollama.cpp/config.go:302.39,304.10 2 0
github.com/dianlight/gollama.cpp/config.go:307.3,307.13 1 0
github.com/dianlight/gollama.cpp/config.go:307.13,309.4 1 0
github.com/dianlight/gollama.cpp/config.go:312.2,312.12 1 1
github.com/dianlight/gollama.cpp/config.go:316.29,317.64 1 1
github.com/dianlight/gollama.cpp/config.go:317.64,319.3 1 0
github.com/dianlight/gollama.cpp/config.go:321.2,322.16 2 1
github.com/dianlight/gollama.cpp/config.go:322.16,324.3 1 0
github.com/dianlight/gollama.cpp/config.go:326.2,326.22 1 1
github.com/dianlight/gollama.cpp/config.go:327.16,328.92 1 1
github.com/dianlight/gollama.cpp/config.go:329.17,330.53 1 0
github.com/dianlight/gollama.cpp/config.go:330.53,332.4 1 0
github.com/dianlight/gollama.cpp/config.go:333.3,333.80 1 0
github.com/dianlight/gollama.cpp/config.go:334.10,335.69 1 0
github.com/dianlight/gollama.cpp/config.go:340.34,346.47 3 1
github.com/dianlight/gollama.cpp/config.go:346.47,347.60 1 0
github.com/dianlight/gollama.cpp/config.go:347.60,350.4 1 0
github.com/dianlight/gollama.cpp/config.go:353.2,353.15 1 1
github.com/dianlight/gollama.cpp/config.go:357.43,358.58 1 0
github.com/dianlight/gollama.cpp/config.go:358.58,360.3 1 0
github.com/dianlight/gollama.cpp/config.go:361.2,361.52 1 0
github.com/dianlight/gollama.cpp/config.go:361.52,363.3 1 0
github.com/dianlight/gollama.cpp/config.go:364.2,364.54 1 0
github.com/dianlight/gollama.cpp/config.go:364.54,366.3 1 0
github.com/dianlight/gollama.cpp/config.go:367.2,367.94 1 0
github.com/dianlight/gollama.cpp/config.go:367.94,369.3 1 0
github.com/dianlight/gollama.cpp/config.go:370.2,370.68 1 0
github.com/dianlight/gollama.cpp/config.go:370.68,372.3 1 0
github.com/dianlight/gollama.cpp/config.go:376.23,377.22 1 1
github.com/dianlight/gollama.cpp/config.go:378.16,380.14 1 1
github.com/dianlight/gollama.cpp/config.go:381.26,385.32 1 0
github.com/dianlight/gollama.cpp/config.go:386.10,387.15 1 0
github.com/dianlight/gollama.cpp/config.go:392.34,401.33 2 0
github.com/dianlight/gollama.cpp/config.go:401.33,402.42 1 0
github.com/dianlight/gollama.cpp/config.go:402.42,404.4 1 0
github.com/dianlight/gollama.cpp/config.go:408.2,414.35 2 0
github.com/dianlight/gollama.cpp/config.go:414.35,415.42 1 0
github.com/dianlight/gollama.cpp/config.go:415.42,417.4 1 0
github.com/dianlight/gollama.cpp/config.go:420.2,420.14 1 0
github.com/dianlight/gollama.cpp/config.go:424.57,426.15 2 0
github.com/dianlight/gollama.cpp/config.go:427.53,428.14 1 0
github.com/dianlight/gollama.cpp/config.go:429.56,430.15 1 0
github.com/dianlight/gollama.cpp/config.go:431.10,432.22 1 0
github.com/dianlight/gollama.cpp/config.go:437.40,438.42 1 1
github.com/dianlight/gollama.cpp/config.go:438.42,440.3 1 0
github.com/dianlight/gollama.cpp/config.go:443.2,443.30 1 1
github.com/dianlight/gollama.cpp/config.go:443.30,446.26 2 0
github.com/dianlight/gollama.cpp/config.go:446.26,448.4 1 0
github.com/dianlight/gollama.cpp/config.go:449.3,449.30 1 0
github.com/dianlight/gollama.cpp/config.go:458.2,458.12 1 1
github.com/dianlight/gollama.cpp/config.go:465.44,466.44 1 1
github.com/dianlight/gollama.cpp/config.go:466.44,468.3 1 0
github.com/dianlight/gollama.cpp/config.go:469.2,470.12 2 1
github.com/dianlight/gollama.cpp/config.go:474.32,476.2 1 0
github.com/dianlight/gollama.cpp/downloader.go:29.47,34.69 2 0
github.com/dianlight/gollama.cpp/downloader.go:34.69,36.3 1 0
github.com/dianlight/gollama.cpp/downloader.go:39.2,42.46 3 0
github.com/dianlight/gollama.cpp/downloader.go:42.46,44.3 1 0
github.com/dianlight/gollama.cpp/downloader.go:46.2,46.12 1 0
github.com/dianlight/gollama.cpp/downloader.go:79.57,81.2 1 1
github.com/dianlight/gollama.cpp/downloader.go:84.90,88.26 2 1
github.com/dianlight/gollama.cpp/downloader.go:88.26,90.3 1 1
github.com/dianlight/gollama.cpp/downloader.go:90.8,92.71 1 1
github.com/dianlight/gollama.cpp/downloader.go:92.71,94.4 1 1
github.com/dianlight/gollama.cpp/downloader.go:94.9,97.18 2 1
github.com/dianlight/gollama.cpp/downloader.go:97.18,99.5 1 1
github.com/dianlight/gollama.cpp/downloader.go:99.10,102.5 1 0
github.com/dianlight/gollama.cpp/downloader.go:106.2,106.52 1 1
github.com/dianlight/gollama.cpp/downloader.go:106.52,108.3 1 0
github.com/dianlight/gollama.cpp/downloader.go:111.2,113.17 3 1
github.com/dianlight/gollama.cpp/downloader.go:113.17,117.3 2 1
github.com/dianlight/gollama.cpp/downloader.go:117.8,121.3 2 0
github.com/dianlight/gollama.cpp/downloader.go:123.2,127.8 1 1
github.com/dianlight/gollama.cpp/downloader.go:131.70,136.16 4 1
github.com/dianlight/gollama.cpp/downloader.go:136.16,138.3 1 0
github.com/dianlight/gollama.cpp/downloader.go:140.2,140.21 1 1
github.com/dianlight/gollama.cpp/downloader.go:144.79,149.16 4 0
github.com/dianlight/gollama.cpp/downloader.go:149.16,151.3 1 0
github.com/dianlight/gollama.cpp/downloader.go:153.2,153.21 1 0
github.com/dianlight/gollama.cpp/downloader.go:157.71,163.16 4 1
github.com/dianlight/gollama.cpp/downloader.go:164.15,165.15 1 0
github.com/dianlight/gollama.cpp/downloader.go:166.15,167.17 1 1
github.com/dianlight/gollama.cpp/downloader.go:168.10,169.64 1 0
github.com/dianlight/gollama.cpp/downloader.go:172.2,172.14 1 1
github.com/dianlight/gollama.cpp/downloader.go:173.16,174.61 1 1
github.com/dianlight/gollama.cpp/downloader.go:175.15,177.45 1 0
github.com/dianlight/gollama.cpp/downloader.go:178.17,180.47 1 0
github.com/dianlight/gollama.cpp/downloader.go:181.10,182.66 1 0
github.com/dianlight/gollama.cpp/downloader.go:187.72,191.26 1 0
github.com/dianlight/gollama.cpp/downloader.go:191.26,194.3 1 0
github.com/dianlight/gollama.cpp/downloader.go:197.2,197.31 1 0
github.com/dianlight/gollama.cpp/downloader.go:197.31,199.3 1 0
github.com/dianlight/gollama.cpp/downloader.go:202.2,202.32 1 0
github.com/dianlight/gollama.cpp/downloader.go:202.32,204.3 1 0
github.com/dianlight/gollama.cpp/downloader.go:207.2,207.29 1 0
github.com/dianlight/gollama.cpp/downloader.go:207.29,209.3 1 0
github.com/dianlight/gollama.cpp/downloader.go:212.2,212.56 1 0
github.com/dianlight/gollama.cpp/downloader.go:216.74,220.26 1 0
github.com/dianlight/gollama.cpp/downloader.go:220.26,222.3 1 0
github.com/dianlight/gollama.cpp/downloader.go:225.2,225.31 1 0
github.com/dianlight/gollama.cpp/downloader.go:225.31,227.3 1 0
github.com/dianlight/gollama.cpp/downloader.go:230.2,230.32 1 0
github.com/dianlight/gollama.cpp/downloader.go:230.32,232.3 1 0
github.com/dianlight/gollama.cpp/downloader.go:235.2,235.47 1 0
github.com/dianlight/gollama.cpp/downloader.go:235.47,237.3 1 0
github.com/dianlight/gollama.cpp/downloader.go:240.2,240.29 1 0
github.com/dianlight/gollama.cpp/downloader.go:240.29,242.3 1 0
github.com/dianlight/gollama.cpp/downloader.go:245.2,245.57 1 0
github.com/dianlight/gollama.cpp/downloader.go:249.61,252.2 2 0
github.com/dianlight/gollama.cpp/downloader.go:255.110,258.16 2 1
github.com/dianlight/gollama.cpp/downloader.go:258.16,260.3 1 0
github.com/dianlight/gollama.cpp/downloader.go:262.2,262.39 1 1
github.com/dianlight/gollama.cpp/downloader.go:262.39,266.24 3 1
github.com/dianlight/gollama.cpp/downloader.go:266.24,268.4 1 1
github.com/dianlight/gollama.cpp/downloader.go:269.3,269.38 1 1
github.com/dianlight/gollama.cpp/downloader.go:269.38,271.4 1 1
github.com/dianlight/gollama.cpp/downloader.go:273.3,273.35 1 1
github.com/dianlight/gollama.cpp/downloader.go:273.35,275.4 1 1
github.com/dianlight/gollama.cpp/downloader.go:277.2,277.75 1 0
github.com/dianlight/gollama.cpp/downloader.go:281.94,286.33 2 0
github.com/dianlight/gollama.cpp/downloader.go:286.33,288.3 1 0
github.com/dianlight/gollama.cpp/downloader.go:291.2,292.65 2 0
github.com/dianlight/gollama.cpp/downloader.go:292.65,294.3 1 0
github.com/dianlight/gollama.cpp/downloader.go:297.2,297.61 1 0
github.com/dianlight/gollama.cpp/downloader.go:297.61,299.3 1 0
github.com/dianlight/gollama.cpp/downloader.go:302.2,304.23 2 0
github.com/dianlight/gollama.cpp/downloader.go:308.132,313.33 2 0
github.com/dianlight/gollama.cpp/downloader.go:313.33,316.49 2 0
github.com/dianlight/gollama.cpp/downloader.go:316.49,319.4 2 0
github.com/dianlight/gollama.cpp/downloader.go:320.3,320.28 1 0
github.com/dianlight/gollama.cpp/downloader.go:324.2,326.16 3 0
github.com/dianlight/gollama.cpp/downloader.go:326.16,328.3 1 0
github.com/dianlight/gollama.cpp/downloader.go:331.2,331.70 1 0
github.com/dianlight/gollama.cpp/downloader.go:331.70,335.3 2 0
github.com/dianlight/gollama.cpp/downloader.go:338.2,338.61 1 0
github.com/dianlight/gollama.cpp/downloader.go:338.61,340.3 1 0
github.com/dianlight/gollama.cpp/downloader.go:343.2,345.33 2 0
github.com/dianlight/gollama.cpp/downloader.go:349.101,352.16 2 0
github.com/dianlight/gollama.cpp/downloader.go:353.15,354.15 1 0
github.com/dianlight/gollama.cpp/downloader.go:355.15,356.17 1 0
github.com/dianlight/gollama.cpp/downloader.go:357.10,358.64 1 0
github.com/dianlight/gollama.cpp/downloader.go:361.2,361.14 1 0
github.com/dianlight/gollama.cpp/downloader.go:362.16,363.61 1 0
github.com/dianlight/gollama.cpp/downloader.go:364.15,366.45 1 0
github.com/dianlight/gollama.cpp/downloader.go:367.17,369.47 1 0
github.com/dianlight/gollama.cpp/downloader.go:370.10,371.66 1 0
github.com/dianlight/gollama.cpp/downloader.go:376.117,381.19 3 0
github.com/dianlight/gollama.cpp/downloader.go:381.19,383.3 1 0
github.com/dianlight/gollama.cpp/downloader.go:383.8,385.3 1 0
github.com/dianlight/gollama.cpp/downloader.go:386.2,386.16 1 0
github.com/dianlight/gollama.cpp/downloader.go:386.16,388.3 1 0
github.com/dianlight/gollama.cpp/downloader.go:391.2,392.37 2 0
github.com/dianlight/gollama.cpp/downloader.go:392.37,394.22 2 0
github.com/dianlight/gollama.cpp/downloader.go:394.22,395.12 1 0
github.com/dianlight/gollama.cpp/downloader.go:397.3,400.17 3 0
github.com/dianlight/gollama.cpp/downloader.go:400.17,401.12 1 0
github.com/dianlight/gollama.cpp/downloader.go:404.3,405.17 2 0
github.com/dianlight/gollama.cpp/downloader.go:405.17,406.12 1 0
github.com/dianlight/gollama.cpp/downloader.go:409.3,417.5 2 0
github.com/dianlight/gollama.cpp/downloader.go:421.2,421.42 1 0
github.com/dianlight/gollama.cpp/downloader.go:425.102,432.29 4 0
github.com/dianlight/gollama.cpp/downloader.go:432.29,434.38 2 0
github.com/dianlight/gollama.cpp/downloader.go:434.38,439.17 3 0
github.com/dianlight/gollama.cpp/downloader.go:439.17,439.32 1 0
github.com/dianlight/gollama.cpp/downloader.go:441.4,447.37 2 0
github.com/dianlight/gollama.cpp/downloader.go:447.37,451.24 3 0
github.com/dianlight/gollama.cpp/downloader.go:451.24,453.20 2 0
github.com/dianlight/gollama.cpp/downloader.go:453.20,455.7 1 0
github.com/dianlight/gollama.cpp/downloader.go:458.5,459.68 2 0
github.com/dianlight/gollama.cpp/downloader.go:459.68,461.6 1 0
github.com/dianlight/gollama.cpp/downloader.go:462.5,463.11 2 0
github.com/dianlight/gollama.cpp/downloader.go:467.4,468.18 2 0
github.com/dianlight/gollama.cpp/downloader.go:468.18,472.5 3 0
github.com/dianlight/gollama.cpp/downloader.go:475.4,476.23 2 0
github.com/dianlight/gollama.cpp/downloader.go:476.23,480.5 3 0
github.com/dianlight/gollama.cpp/downloader.go:482.4,483.18 2 0
github.com/dianlight/gollama.cpp/downloader.go:483.18,487.5 3 0
github.com/dianlight/gollama.cpp/downloader.go:489.4,492.27 4 0
github.com/dianlight/gollama.cpp/downloader.go:496.2,497.21 2 0
github.com/dianlight/gollama.cpp/downloader.go:501.70,503.16 2 0
github.com/dianlight/gollama.cpp/downloader.go:503.16,505.3 1 0
github.com/dianlight/gollama.cpp/downloader.go:507.2,512.16 4 0
github.com/dianlight/gollama.cpp/downloader.go:512.16,514.3 1 0
github.com/dianlight/gollama.cpp/downloader.go:515.2,515.15 1 0
github.com/dianlight/gollama.cpp/downloader.go:515.15,517.3 1 0
github.com/dianlight/gollama.cpp/downloader.go:519.2,519.38 1 0
github.com/dianlight/gollama.cpp/downloader.go:519.38,521.3 1 0
github.com/dianlight/gollama.cpp/downloader.go:523.2,524.16 2 0
github.com/dianlight/gollama.cpp/downloader.go:524.16,526.3 1 0
github.com/dianlight/gollama.cpp/downloader.go:527.2,527.15 1 0
github.com/dianlight/gollama.cpp/downloader.go:527.15,529.3 1 0
github.com/dianlight/gollama.cpp/downloader.go:531.2,532.16 2 0
github.com/dianlight/gollama.cpp/downloader.go:532.16,534.3 1 0
github.com/dianlight/gollama.cpp/downloader.go:536.2,536.12 1 0
github.com/dianlight/gollama.cpp/downloader.go:540.92,542.16 2 0
github.com/dianlight/gollama.cpp/downloader.go:542.16,544.3 1 0
github.com/dianlight/gollama.cpp/downloader.go:546.2,551.16 4 0
github.com/dianlight/gollama.cpp/downloader.go:551.16,553.3 1 0
github.com/dianlight/gollama.cpp/downloader.go:554.2,554.15 1 0
github.com/dianlight/gollama.cpp/downloader.go:554.15,556.3 1 0
github.com/dianlight/gollama.cpp/downloader.go:558.2,558.38 1 0
github.com/dianlight/gollama.cpp/downloader.go:558.38,560.3 1 0
github.com/dianlight/gollama.cpp/downloader.go:562.2,563.16 2 0
github.com/dianlight/gollama.cpp/downloader.go:563.16,565.3 1 0
github.com/dianlight/gollama.cpp/downloader.go:566.2,566.15 1 0
github.com/dianlight/gollama.cpp/downloader.go:566.15,568.3 1 0
github.com/dianlight/gollama.cpp/downloader.go:571.2,575.16 4 0
github.com/dianlight/gollama.cpp/downloader.go:575.16,577.3 1 0
github.com/dianlight/gollama.cpp/downloader.go:580.2,580.47 1 0
github.com/dianlight/gollama.cpp/downloader.go:584.78,586.16 2 0
github.com/dianlight/gollama.cpp/downloader.go:586.16,588.3 1 0
github.com/dianlight/gollama.cpp/downloader.go:589.2,589.15 1 0
github.com/dianlight/gollama.cpp/downloader.go:589.15,591.3 1 0
github.com/dianlight/gollama.cpp/downloader.go:593.2,594.47 2 0
github.com/dianlight/gollama.cpp/downloader.go:594.47,596.3 1 0
github.com/dianlight/gollama.cpp/downloader.go:598.2,598.47 1 0
github.com/dianlight/gollama.cpp/downloader.go:602.83,603.28 1 0
github.com/dianlight/gollama.cpp/downloader.go:603.28,606.3 1 0
github.com/dianlight/gollama.cpp/downloader.go:608.2,609.16 2 0
github.com/dianlight/gollama.cpp/downloader.go:609.16,611.3 1 0
github.com/dianlight/gollama.cpp/downloader.go:613.2,613.40 1 0
github.com/dianlight/gollama.cpp/downloader.go:613.40,615.3 1 0
github.com/dianlight/gollama.cpp/downloader.go:617.2,617.12 1 0
github.com/dianlight/gollama.cpp/downloader.go:621.64,623.16 2 0
github.com/dianlight/gollama.cpp/downloader.go:623.16,625.3 1 0
github.com/dianlight/gollama.cpp/downloader.go:626.2,626.15 1 0
github.com/dianlight/gollama.cpp/downloader.go:626.15,628.3 1 0
github.com/dianlight/gollama.cpp/downloader.go:631.2,631.48 1 0
github.com/dianlight/gollama.cpp/downloader.go:631.48,633.3 1 0
github.com/dianlight/gollama.cpp/downloader.go:636.2,636.35 1 0
github.com/dianlight/gollama.cpp/downloader.go:636.35,638.54 1 0
github.com/dianlight/gollama.cpp/downloader.go:638.54,640.4 1 0
github.com/dianlight/gollama.cpp/downloader.go:643.3,645.30 2 0
github.com/dianlight/gollama.cpp/downloader.go:645.30,646.68 1 0
github.com/dianlight/gollama.cpp/downloader.go:646.68,648.5 1 0
github.com/dianlight/gollama.cpp/downloader.go:649.4,649.12 1 0
github.com/dianlight/gollama.cpp/downloader.go:653.3,653.63 1 0
github.com/dianlight/gollama.cpp/downloader.go:653.63,655.4 1 0
github.com/dianlight/gollama.cpp/downloader.go:658.3,659.17 2 0
github.com/dianlight/gollama.cpp/downloader.go:659.17,661.4 1 0
github.com/dianlight/gollama.cpp/downloader.go:662.3,662.32 1 0
github.com/dianlight/gollama.cpp/downloader.go:662.32,664.4 1 0
github.com/dianlight/gollama.cpp/downloader.go:666.3,667.17 2 0
github.com/dianlight/gollama.cpp/downloader.go:667.17,669.4 1 0
github.com/dianlight/gollama.cpp/downloader.go:670.3,670.27 1 0
github.com/dianlight/gollama.cpp/downloader.go:670.27,672.4 1 0
github.com/dianlight/gollama.cpp/downloader.go:675.3,679.17 4 0
github.com/dianlight/gollama.cpp/downloader.go:679.17,681.4 1 0
github.com/dianlight/gollama.cpp/downloader.go:684.2,684.12 1 0
github.com/dianlight/gollama.cpp/downloader.go:688.61,690.48 1 0
github.com/dianlight/gollama.cpp/downloader.go:690.48,692.3 1 0
github.com/dianlight/gollama.cpp/downloader.go:695.2,696.16 2 0
github.com/dianlight/gollama.cpp/downloader.go:696.16,698.3 1 0
github.com/dianlight/gollama.cpp/downloader.go:701.2,709.35 2 0
github.com/dianlight/gollama.cpp/downloader.go:709.35,710.42 1 0
github.com/dianlight/gollama.cpp/downloader.go:710.42,712.4 1 0
github.com/dianlight/gollama.cpp/downloader.go:715.2,715.14 1 0
github.com/dianlight/gollama.cpp/downloader.go:719.47,720.22 1 1
github.com/dianlight/gollama.cpp/downloader.go:721.16,722.31 1 1
github.com/dianlight/gollama.cpp/downloader.go:723.15,724.28 1 0
github.com/dianlight/gollama.cpp/downloader.go:725.17,726.26 1 0
github.com/dianlight/gollama.cpp/downloader.go:727.10,728.60 1 0
github.com/dianlight/gollama.cpp/downloader.go:733.69,734.14 1 0
github.com/dianlight/gollama.cpp/downloader.go:735.16,736.31 1 0
github.com/dianlight/gollama.cpp/downloader.go:737.15,738.28 1 0
github.com/dianlight/gollama.cpp/downloader.go:739.17,740.26 1 0
github.com/dianlight/gollama.cpp/downloader.go:741.10,742.52 1 0
github.com/dianlight/gollama.cpp/downloader.go:747.82,749.16 2 1
github.com/dianlight/gollama.cpp/downloader.go:749.16,751.3 1 0
github.com/dianlight/gollama.cpp/downloader.go:754.2,762.35 2 1
github.com/dianlight/gollama.cpp/downloader.go:762.35,763.42 1 1
github.com/dianlight/gollama.cpp/downloader.go:763.42,765.4 1 1
github.com/dianlight/gollama.cpp/downloader.go:768.2,768.85 1 0
github.com/dianlight/gollama.cpp/downloader.go:772.99,774.16 2 0
github.com/dianlight/gollama.cpp/downloader.go:774.16,776.3 1 0
github.com/dianlight/gollama.cpp/downloader.go:779.2,787.35 2 0
github.com/dianlight/gollama.cpp/downloader.go:787.35,788.42 1 0
github.com/dianlight/gollama.cpp/downloader.go:788.42,790.4 1 0
github.com/dianlight/gollama.cpp/downloader.go:793.2,793.85 1 0
github.com/dianlight/gollama.cpp/downloader.go:797.48,799.2 1 0
github.com/dianlight/gollama.cpp/downloader.go:802.50,804.2 1 1
github.com/dianlight/gollama.cpp/errors.go:86.37,87.22 1 0
github.com/dianlight/gollama.cpp/errors.go:87.22,89.3 1 0
github.com/dianlight/gollama.cpp/errors.go:90.2,90.63 1 0
github.com/dianlight/gollama.cpp/errors.go:94.37,96.2 1 0
github.com/dianlight/gollama.cpp/errors.go:99.44,100.39 1 0
github.com/dianlight/gollama.cpp/errors.go:100.39,102.3 1 0
github.com/dianlight/gollama.cpp/errors.go:103.2,103.35 1 0
github.com/dianlight/gollama.cpp/errors.go:107.58,112.2 1 0
github.com/dianlight/gollama.cpp/errors.go:115.80,121.2 1 0
github.com/dianlight/gollama.cpp/errors.go:124.79,130.2 1 0
github.com/dianlight/gollama.cpp/errors.go:151.36,152.14 1 0
github.com/dianlight/gollama.cpp/errors.go:153.25,154.13 1 0
github.com/dianlight/gollama.cpp/errors.go:155.22,156.49 1 0
github.com/dianlight/gollama.cpp/errors.go:157.31,158.80 1 0
github.com/dianlight/gollama.cpp/errors.go:159.31,160.71 1 0
github.com/dianlight/gollama.cpp/errors.go:161.32,162.73 1 0
github.com/dianlight/gollama.cpp/errors.go:163.27,164.76 1 0
github.com/dianlight/gollama.cpp/errors.go:165.28,166.78 1 0
github.com/dianlight/gollama.cpp/errors.go:167.32,168.83 1 0
github.com/dianlight/gollama.cpp/errors.go:169.29,170.87 1 0
github.com/dianlight/gollama.cpp/errors.go:171.30,172.93 1 0
github.com/dianlight/gollama.cpp/errors.go:173.30,174.73 1 0
github.com/dianlight/gollama.cpp/errors.go:175.31,176.72 1 0
github.com/dianlight/gollama.cpp/errors.go:177.33,178.81 1 0
github.com/dianlight/gollama.cpp/errors.go:179.33,180.79 1 0
github.com/dianlight/gollama.cpp/errors.go:181.10,182.74 1 0
github.com/dianlight/gollama.cpp/errors.go:193.56,197.2 1 1
github.com/dianlight/gollama.cpp/errors.go:200.82,202.2 1 0
github.com/dianlight/gollama.cpp/errors.go:205.70,206.16 1 0
github.com/dianlight/gollama.cpp/errors.go:206.16,208.3 1 0
github.com/dianlight/gollama.cpp/errors.go:210.2,210.47 1 0
github.com/dianlight/gollama.cpp/errors.go:210.47,213.3 2 0
github.com/dianlight/gollama.cpp/errors.go:216.2,216.37 1 0
github.com/dianlight/gollama.cpp/errors.go:216.37,218.3 1 0
github.com/dianlight/gollama.cpp/errors.go:220.2,220.12 1 0
github.com/dianlight/gollama.cpp/errors.go:224.49,225.16 1 0
github.com/dianlight/gollama.cpp/errors.go:225.16,227.3 1 0
github.com/dianlight/gollama.cpp/errors.go:228.2,228.43 1 0
github.com/dianlight/gollama.cpp/errors.go:232.70,233.16 1 0
github.com/dianlight/gollama.cpp/errors.go:233.16,235.3 1 0
github.com/dianlight/gollama.cpp/errors.go:236.2,236.56 1 0
github.com/dianlight/gollama.cpp/errors.go:240.39,241.16 1 0
github.com/dianlight/gollama.cpp/errors.go:241.16,243.3 1 0
github.com/dianlight/gollama.cpp/errors.go:246.2,248.39 1 0
github.com/dianlight/gollama.cpp/errors.go:252.35,253.16 1 0
github.com/dianlight/gollama.cpp/errors.go:253.16,255.3 1 0
github.com/dianlight/gollama.cpp/errors.go:258.2,261.38 1 0
github.com/dianlight/gollama.cpp/errors.go:282.41,283.12 1 0
github.com/dianlight/gollama.cpp/errors.go:284.23,285.19 1 0
github.com/dianlight/gollama.cpp/errors.go:286.21,287.17 1 0
github.com/dianlight/gollama.cpp/errors.go:288.23,289.19 1 0
github.com/dianlight/gollama.cpp/errors.go:290.21,291.17 1 0
github.com/dianlight/gollama.cpp/errors.go:292.26,293.22 1 0
github.com/dianlight/gollama.cpp/errors.go:294.22,295.18 1 0
github.com/dianlight/gollama.cpp/errors.go:296.22,297.18 1 0
github.com/dianlight/gollama.cpp/errors.go:298.23,299.19 1 0
github.com/dianlight/gollama.cpp/errors.go:300.20,301.16 1 0
github.com/dianlight/gollama.cpp/errors.go:302.25,303.21 1 0
github.com/dianlight/gollama.cpp/errors.go:304.22,305.18 1 0
github.com/dianlight/gollama.cpp/errors.go:306.10,307.19 1 0
github.com/dianlight/gollama.cpp/errors.go:312.47,313.16 1 0
github.com/dianlight/gollama.cpp/errors.go:313.16,315.3 1 0
github.com/dianlight/gollama.cpp/errors.go:317.2,317.9 1 0
github.com/dianlight/gollama.cpp/errors.go:318.81,319.25 1 0
github.com/dianlight/gollama.cpp/errors.go:320.77,321.23 1 0
github.com/dianlight/gollama.cpp/errors.go:322.86,323.25 1 0
github.com/dianlight/gollama.cpp/errors.go:324.78,325.23 1 0
github.com/dianlight/gollama.cpp/errors.go:326.78,327.28 1 0
github.com/dianlight/gollama.cpp/errors.go:328.81,329.24 1 0
github.com/dianlight/gollama.cpp/errors.go:330.83,331.24 1 0
github.com/dianlight/gollama.cpp/errors.go:332.82,333.25 1 0
github.com/dianlight/gollama.cpp/errors.go:334.74,335.22 1 0
github.com/dianlight/gollama.cpp/errors.go:336.83,337.27 1 0
github.com/dianlight/gollama.cpp/errors.go:338.83,339.24 1 0
github.com/dianlight/gollama.cpp/errors.go:340.10,341.25 1 0
github.com/dianlight/gollama.cpp/errors.go:349.51,351.2 1 0
github.com/dianlight/gollama.cpp/errors.go:354.44,356.2 1 0
github.com/dianlight/gollama.cpp/errors.go:359.51,361.2 1 0
github.com/dianlight/gollama.cpp/errors.go:364.53,365.33 1 0
github.com/dianlight/gollama.cpp/errors.go:365.33,367.3 1 0
github.com/dianlight/gollama.cpp/errors.go:369.2,370.43 2 0
github.com/dianlight/gollama.cpp/errors.go:370.43,372.3 1 0
github.com/dianlight/gollama.cpp/errors.go:374.2,374.35 1 0
github.com/dianlight/gollama.cpp/errors.go:378.22,379.16 1 0
github.com/dianlight/gollama.cpp/errors.go:379.16,380.63 1 0
github.com/dianlight/gollama.cpp/errors.go:385.39,386.15 1 0
github.com/dianlight/gollama.cpp/errors.go:386.15,387.31 1 0
github.com/dianlight/gollama.cpp/errors.go:387.31,388.25 1 0
github.com/dianlight/gollama.cpp/errors.go:389.15,390.12 1 0
github.com/dianlight/gollama.cpp/errors.go:391.16,392.24 1 0
github.com/dianlight/gollama.cpp/errors.go:393.12,394.45 1 0
github.com/dianlight/gollama.cpp/errors.go:399.2,399.13 1 0
github.com/dianlight/gollama.cpp/ffi.go:99.56,101.96 2 1
github.com/dianlight/gollama.cpp/ffi.go:101.96,103.3 1 0
github.com/dianlight/gollama.cpp/ffi.go:105.2,106.16 2 1
github.com/dianlight/gollama.cpp/ffi.go:106.16,108.3 1 0
github.com/dianlight/gollama.cpp/ffi.go:110.2,112.20 3 1
github.com/dianlight/gollama.cpp/ffi.go:116.60,118.98 2 1
github.com/dianlight/gollama.cpp/ffi.go:118.98,120.3 1 0
github.com/dianlight/gollama.cpp/ffi.go:122.2,123.16 2 1
github.com/dianlight/gollama.cpp/ffi.go:123.16,125.3 1 0
github.com/dianlight/gollama.cpp/ffi.go:127.2,129.20 3 1
github.com/dianlight/gollama.cpp/ffi.go:133.70,135.103 2 1
github.com/dianlight/gollama.cpp/ffi.go:135.103,137.3 1 0
github.com/dianlight/gollama.cpp/ffi.go:139.2,140.16 2 1
github.com/dianlight/gollama.cpp/ffi.go:140.16,142.3 1 0
github.com/dianlight/gollama.cpp/ffi.go:144.2,146.20 3 1
github.com/dianlight/gollama.cpp/ffi.go:150.69,153.101 3 1
github.com/dianlight/gollama.cpp/ffi.go:153.101,155.3 1 0
github.com/dianlight/gollama.cpp/ffi.go:157.2,158.16 2 1
github.com/dianlight/gollama.cpp/ffi.go:158.16,160.3 1 0
github.com/dianlight/gollama.cpp/ffi.go:162.2,169.20 4 1
github.com/dianlight/gollama.cpp/ffi.go:173.89,176.99 3 1
github.com/dianlight/gollama.cpp/ffi.go:176.99,178.3 1 0
github.com/dianlight/gollama.cpp/ffi.go:180.2,181.16 2 1
github.com/dianlight/gollama.cpp/ffi.go:181.16,183.3 1 0
github.com/dianlight/gollama.cpp/ffi.go:185.2,192.17 4 1
github.com/dianlight/gollama.cpp/ffi.go:192.17,194.3 1 1
github.com/dianlight/gollama.cpp/ffi.go:195.2,195.20 1 0
github.com/dianlight/gollama.cpp/ffi.go:199.90,202.99 3 0
github.com/dianlight/gollama.cpp/ffi.go:202.99,204.3 1 0
github.com/dianlight/gollama.cpp/ffi.go:206.2,207.16 2 0
github.com/dianlight/gollama.cpp/ffi.go:207.16,209.3 1 0
github.com/dianlight/gollama.cpp/ffi.go:211.2,218.17 4 0
github.com/dianlight/gollama.cpp/ffi.go:218.17,220.3 1 0
github.com/dianlight/gollama.cpp/ffi.go:221.2,221.20 1 0
github.com/dianlight/gollama.cpp/ffi.go:225.67,228.98 3 0
github.com/dianlight/gollama.cpp/ffi.go:228.98,230.3 1 0
github.com/dianlight/gollama.cpp/ffi.go:232.2,233.16 2 0
github.com/dianlight/gollama.cpp/ffi.go:233.16,235.3 1 0
github.com/dianlight/gollama.cpp/ffi.go:237.2,243.20 4 0
github.com/dianlight/gollama.cpp/ffi.go:247.67,250.98 3 0
github.com/dianlight/gollama.cpp/ffi.go:250.98,252.3 1 0
github.com/dianlight/gollama.cpp/ffi.go:254.2,255.16 2 0
github.com/dianlight/gollama.cpp/ffi.go:255.16,257.3 1 0
github.com/dianlight/gollama.cpp/ffi.go:259.2,265.20 4 0
github.com/dianlight/gollama.cpp/ffi.go:269.76,272.101 3 0
github.com/dianlight/gollama.cpp/ffi.go:272.101,274.3 1 0
github.com/dianlight/gollama.cpp/ffi.go:276.2,277.16 2 0
github.com/dianlight/gollama.cpp/ffi.go:277.16,279.3 1 0
github.com/dianlight/gollama.cpp/ffi.go:281.2,287.20 4 0
github.com/dianlight/gollama.cpp/ffi.go:291.80,294.99 3 1
github.com/dianlight/gollama.cpp/ffi.go:294.99,296.3 1 0
github.com/dianlight/gollama.cpp/ffi.go:298.2,299.16 2 1
github.com/dianlight/gollama.cpp/ffi.go:299.16,301.3 1 0
github.com/dianlight/gollama.cpp/ffi.go:303.2,308.20 4 1
github.com/dianlight/gollama.cpp/gollama.go:214.42,215.11 1 1
github.com/dianlight/gollama.cpp/gollama.go:216.30,217.16 1 1
github.com/dianlight/gollama.cpp/gollama.go:218.29,219.15 1 1
github.com/dianlight/gollama.cpp/gollama.go:220.30,221.16 1 1
github.com/dianlight/gollama.cpp/gollama.go:222.31,223.17 1 1
github.com/dianlight/gollama.cpp/gollama.go:224.29,225.15 1 1
github.com/dianlight/gollama.cpp/gollama.go:226.32,227.18 1 1
github.com/dianlight/gollama.cpp/gollama.go:228.32,229.18 1 1
github.com/dianlight/gollama.cpp/gollama.go:230.30,231.16 1 1
github.com/dianlight/gollama.cpp/gollama.go:232.10,233.19 1 1
github.com/dianlight/gollama.cpp/gollama.go:480.39,485.9 4 1
github.com/dianlight/gollama.cpp/gollama.go:485.9,487.3 1 0
github.com/dianlight/gollama.cpp/gollama.go:489.2,490.9 2 1
github.com/dianlight/gollama.cpp/gollama.go:490.9,492.3 1 0
github.com/dianlight/gollama.cpp/gollama.go:495.2,513.56 3 1
github.com/dianlight/gollama.cpp/gollama.go:513.56,515.3 1 0
github.com/dianlight/gollama.cpp/gollama.go:515.8,515.77 1 1
github.com/dianlight/gollama.cpp/gollama.go:515.77,517.3 1 0
github.com/dianlight/gollama.cpp/gollama.go:517.8,519.17 2 1
github.com/dianlight/gollama.cpp/gollama.go:519.17,521.4 1 1
github.com/dianlight/gollama.cpp/gollama.go:521.9,523.4 1 0
github.com/dianlight/gollama.cpp/gollama.go:527.2,527.20 1 1
github.com/dianlight/gollama.cpp/gollama.go:527.20,529.17 2 1
github.com/dianlight/gollama.cpp/gollama.go:529.17,530.34 1 1
github.com/dianlight/gollama.cpp/gollama.go:530.34,531.22 1 1
github.com/dianlight/gollama.cpp/gollama.go:531.22,541.6 6 1
github.com/dianlight/gollama.cpp/gollama.go:546.2,546.39 1 1
github.com/dianlight/gollama.cpp/gollama.go:546.39,547.47 1 1
github.com/dianlight/gollama.cpp/gollama.go:547.47,549.4 1 1
github.com/dianlight/gollama.cpp/gollama.go:554.2,554.21 1 0
github.com/dianlight/gollama.cpp/gollama.go:558.26,562.14 3 1
github.com/dianlight/gollama.cpp/gollama.go:562.14,564.3 1 0
github.com/dianlight/gollama.cpp/gollama.go:566.2,567.16 2 1
github.com/dianlight/gollama.cpp/gollama.go:567.16,569.3 1 0
github.com/dianlight/gollama.cpp/gollama.go:572.2,572.28 1 1
github.com/dianlight/gollama.cpp/gollama.go:572.28,574.3 1 0
github.com/dianlight/gollama.cpp/gollama.go:577.2,578.16 2 1
github.com/dianlight/gollama.cpp/gollama.go:578.16,580.3 1 0
github.com/dianlight/gollama.cpp/gollama.go:582.2,585.44 2 1
github.com/dianlight/gollama.cpp/gollama.go:585.44,588.3 2 0
github.com/dianlight/gollama.cpp/gollama.go:590.2,591.12 2 1
github.com/dianlight/gollama.cpp/gollama.go:595.32,603.30 4 1
github.com/dianlight/gollama.cpp/gollama.go:603.30,610.3 6 1
github.com/dianlight/gollama.cpp/gollama.go:611.2,651.30 28 1
github.com/dianlight/gollama.cpp/gollama.go:651.30,655.3 3 1
github.com/dianlight/gollama.cpp/gollama.go:659.2,659.30 1 1
github.com/dianlight/gollama.cpp/gollama.go:659.30,662.3 2 1
github.com/dianlight/gollama.cpp/gollama.go:665.2,676.30 9 1
github.com/dianlight/gollama.cpp/gollama.go:676.30,678.3 1 1
github.com/dianlight/gollama.cpp/gollama.go:679.2,734.12 30 1
github.com/dianlight/gollama.cpp/gollama.go:738.27,740.14 2 1
github.com/dianlight/gollama.cpp/gollama.go:740.14,743.3 2 1
github.com/dianlight/gollama.cpp/gollama.go:744.2,746.22 2 0
github.com/dianlight/gollama.cpp/gollama.go:752.27,753.39 1 1
github.com/dianlight/gollama.cpp/gollama.go:753.39,755.3 1 0
github.com/dianlight/gollama.cpp/gollama.go:756.2,757.12 2 1
github.com/dianlight/gollama.cpp/gollama.go:761.21,762.14 1 1
github.com/dianlight/gollama.cpp/gollama.go:762.14,764.3 1 1
github.com/dianlight/gollama.cpp/gollama.go:768.46,773.14 2 1
github.com/dianlight/gollama.cpp/gollama.go:773.14,774.57 1 1
github.com/dianlight/gollama.cpp/gollama.go:774.57,776.4 1 1
github.com/dianlight/gollama.cpp/gollama.go:780.2,780.76 1 0
github.com/dianlight/gollama.cpp/gollama.go:780.76,782.3 1 0
github.com/dianlight/gollama.cpp/gollama.go:785.2,793.3 1 0
github.com/dianlight/gollama.cpp/gollama.go:797.50,802.14 2 1
github.com/dianlight/gollama.cpp/gollama.go:802.14,803.59 1 1
github.com/dianlight/gollama.cpp/gollama.go:803.59,805.4 1 1
github.com/dianlight/gollama.cpp/gollama.go:809.2,809.78 1 0
github.com/dianlight/gollama.cpp/gollama.go:809.78,811.3 1 0
github.com/dianlight/gollama.cpp/gollama.go:814.2,831.3 1 0
github.com/dianlight/gollama.cpp/gollama.go:835.61,840.14 2 1
github.com/dianlight/gollama.cpp/gollama.go:840.14,841.64 1 1
github.com/dianlight/gollama.cpp/gollama.go:841.64,843.4 1 1
github.com/dianlight/gollama.cpp/gollama.go:847.2,847.83 1 0
github.com/dianlight/gollama.cpp/gollama.go:847.83,849.3 1 0
github.com/dianlight/gollama.cpp/gollama.go:852.2,854.3 1 0
github.com/dianlight/gollama.cpp/gollama.go:858.90,859.39 1 1
github.com/dianlight/gollama.cpp/gollama.go:859.39,861.3 1 0
github.com/dianlight/gollama.cpp/gollama.go:863.2,866.100 2 1
github.com/dianlight/gollama.cpp/gollama.go:866.100,868.3 1 0
github.com/dianlight/gollama.cpp/gollama.go:871.2,871.63 1 1
github.com/dianlight/gollama.cpp/gollama.go:871.63,873.17 2 1
github.com/dianlight/gollama.cpp/gollama.go:873.17,875.4 1 1
github.com/dianlight/gollama.cpp/gollama.go:876.3,876.20 1 0
github.com/dianlight/gollama.cpp/gollama.go:879.2,879.77 1 0
github.com/dianlight/gollama.cpp/gollama.go:883.35,884.28 1 0
github.com/dianlight/gollama.cpp/gollama.go:884.28,886.3 1 0
github.com/dianlight/gollama.cpp/gollama.go:890.43,891.39 1 0
github.com/dianlight/gollama.cpp/gollama.go:891.39,892.13 1 0
github.com/dianlight/gollama.cpp/gollama.go:894.2,894.31 1 0
github.com/dianlight/gollama.cpp/gollama.go:898.48,899.39 1 0
github.com/dianlight/gollama.cpp/gollama.go:899.39,901.3 1 0
github.com/dianlight/gollama.cpp/gollama.go:902.2,902.32 1 0
github.com/dianlight/gollama.cpp/gollama.go:906.61,907.39 1 0
github.com/dianlight/gollama.cpp/gollama.go:907.39,909.3 1 0
github.com/dianlight/gollama.cpp/gollama.go:910.2,910.38 1 0
github.com/dianlight/gollama.cpp/gollama.go:914.53,915.39 1 0
github.com/dianlight/gollama.cpp/gollama.go:915.39,917.3 1 0
github.com/dianlight/gollama.cpp/gollama.go:918.2,918.33 1 0
github.com/dianlight/gollama.cpp/gollama.go:922.56,923.39 1 0
github.com/dianlight/gollama.cpp/gollama.go:923.39,925.3 1 0
github.com/dianlight/gollama.cpp/gollama.go:926.2,926.37 1 0
github.com/dianlight/gollama.cpp/gollama.go:930.54,931.39 1 0
github.com/dianlight/gollama.cpp/gollama.go:931.39,933.3 1 0
github.com/dianlight/gollama.cpp/gollama.go:934.2,935.40 2 0
github.com/dianlight/gollama.cpp/gollama.go:939.47,940.39 1 0
github.com/dianlight/gollama.cpp/gollama.go:940.39,942.3 1 0
github.com/dianlight/gollama.cpp/gollama.go:943.2,943.28 1 0
github.com/dianlight/gollama.cpp/gollama.go:947.89,948.39 1 0
github.com/dianlight/gollama.cpp/gollama.go:948.39,950.3 1 0
github.com/dianlight/gollama.cpp/gollama.go:953.2,953.61 1 0
github.com/dianlight/gollama.cpp/gollama.go:953.61,955.3 1 0
github.com/dianlight/gollama.cpp/gollama.go:958.2,958.59 1 0
github.com/dianlight/gollama.cpp/gollama.go:958.59,960.15 2 0
github.com/dianlight/gollama.cpp/gollama.go:960.15,962.4 1 0
github.com/dianlight/gollama.cpp/gollama.go:963.3,963.18 1 0
github.com/dianlight/gollama.cpp/gollama.go:966.2,966.72 1 0
github.com/dianlight/gollama.cpp/gollama.go:970.29,971.26 1 0
github.com/dianlight/gollama.cpp/gollama.go:971.26,973.3 1 0
github.com/dianlight/gollama.cpp/gollama.go:977.99,978.39 1 0
github.com/dianlight/gollama.cpp/gollama.go:978.39,980.3 1 0
github.com/dianlight/gollama.cpp/gollama.go:983.2,984.16 2 0
github.com/dianlight/gollama.cpp/gollama.go:984.16,986.3 1 0
github.com/dianlight/gollama.cpp/gollama.go:988.2,992.29 3 0
github.com/dianlight/gollama.cpp/gollama.go:992.29,994.3 1 0
github.com/dianlight/gollama.cpp/gollama.go:995.2,996.18 2 0
github.com/dianlight/gollama.cpp/gollama.go:996.18,998.18 1 0
github.com/dianlight/gollama.cpp/gollama.go:998.18,1000.4 1 0
github.com/dianlight/gollama.cpp/gollama.go:1000.9,1002.4 1 0
github.com/dianlight/gollama.cpp/gollama.go:1005.2,1005.18 1 0
github.com/dianlight/gollama.cpp/gollama.go:1005.18,1007.3 1 0
github.com/dianlight/gollama.cpp/gollama.go:1010.2,1012.16 3 0
github.com/dianlight/gollama.cpp/gollama.go:1012.16,1014.3 1 0
github.com/dianlight/gollama.cpp/gollama.go:1016.2,1016.29 1 0
github.com/dianlight/gollama.cpp/gollama.go:1020.78,1021.39 1 0
github.com/dianlight/gollama.cpp/gollama.go:1021.39,1023.3 1 0
github.com/dianlight/gollama.cpp/gollama.go:1026.2,1026.16 1 0
github.com/dianlight/gollama.cpp/gollama.go:1026.16,1028.3 1 0
github.com/dianlight/gollama.cpp/gollama.go:1031.2,1032.16 2 0
github.com/dianlight/gollama.cpp/gollama.go:1032.16,1034.3 1 0
github.com/dianlight/gollama.cpp/gollama.go:1037.2,1038.20 2 0
github.com/dianlight/gollama.cpp/gollama.go:1038.20,1040.3 1 0
github.com/dianlight/gollama.cpp/gollama.go:1044.2,1045.6 2 0
github.com/dianlight/gollama.cpp/gollama.go:1045.6,1048.20 2 0
github.com/dianlight/gollama.cpp/gollama.go:1048.20,1049.9 1 0
github.com/dianlight/gollama.cpp/gollama.go:1051.3,1051.11 1 0
github.com/dianlight/gollama.cpp/gollama.go:1054.2,1054.17 1 0
github.com/dianlight/gollama.cpp/gollama.go:1054.17,1056.3 1 0
github.com/dianlight/gollama.cpp/gollama.go:1059.2,1060.22 2 0
github.com/dianlight/gollama.cpp/gollama.go:1064.58,1069.14 2 0
github.com/dianlight/gollama.cpp/gollama.go:1069.14,1070.69 1 0
github.com/dianlight/gollama.cpp/gollama.go:1070.69,1072.4 1 0
github.com/dianlight/gollama.cpp/gollama.go:1076.2,1076.67 1 0
github.com/dianlight/gollama.cpp/gollama.go:1076.67,1078.3 1 0
github.com/dianlight/gollama.cpp/gollama.go:1081.2,1081.21 1 0
github.com/dianlight/gollama.cpp/gollama.go:1085.52,1089.22 2 0
github.com/dianlight/gollama.cpp/gollama.go:1089.22,1091.3 1 0
github.com/dianlight/gollama.cpp/gollama.go:1093.2,1094.31 2 0
github.com/dianlight/gollama.cpp/gollama.go:1094.31,1098.3 1 0
github.com/dianlight/gollama.cpp/gollama.go:1101.2,1101.14 1 0
github.com/dianlight/gollama.cpp/gollama.go:1101.14,1102.77 1 0
github.com/dianlight/gollama.cpp/gollama.go:1102.77,1104.4 1 0
github.com/dianlight/gollama.cpp/gollama.go:1108.2,1108.69 1 0
github.com/dianlight/gollama.cpp/gollama.go:1108.69,1110.3 1 0
github.com/dianlight/gollama.cpp/gollama.go:1113.2,1113.21 1 0
github.com/dianlight/gollama.cpp/gollama.go:1117.35,1118.39 1 0
github.com/dianlight/gollama.cpp/gollama.go:1118.39,1120.3 1 0
github.com/dianlight/gollama.cpp/gollama.go:1123.2,1123.52 1 0
github.com/dianlight/gollama.cpp/gollama.go:1123.52,1125.3 1 0
github.com/dianlight/gollama.cpp/gollama.go:1129.55,1130.39 1 0
github.com/dianlight/gollama.cpp/gollama.go:1130.39,1132.3 1 0
github.com/dianlight/gollama.cpp/gollama.go:1135.2,1135.54 1 0
github.com/dianlight/gollama.cpp/gollama.go:1135.54,1136.18 1 0
github.com/dianlight/gollama.cpp/gollama.go:1136.18,1138.4 1 0
github.com/dianlight/gollama.cpp/gollama.go:1139.3,1139.13 1 0
github.com/dianlight/gollama.cpp/gollama.go:1143.2,1143.52 1 0
github.com/dianlight/gollama.cpp/gollama.go:1143.52,1145.18 2 0
github.com/dianlight/gollama.cpp/gollama.go:1145.18,1147.4 1 0
github.com/dianlight/gollama.cpp/gollama.go:1148.3,1148.13 1 0
github.com/dianlight/gollama.cpp/gollama.go:1151.2,1151.60 1 0
github.com/dianlight/gollama.cpp/gollama.go:1155.55,1156.39 1 0
github.com/dianlight/gollama.cpp/gollama.go:1156.39,1158.3 1 0
github.com/dianlight/gollama.cpp/gollama.go:1161.2,1161.54 1 0
github.com/dianlight/gollama.cpp/gollama.go:1161.54,1162.18 1 0
github.com/dianlight/gollama.cpp/gollama.go:1162.18,1164.4 1 0
github.com/dianlight/gollama.cpp/gollama.go:1165.3,1165.13 1 0
github.com/dianlight/gollama.cpp/gollama.go:1169.2,1169.52 1 0
github.com/dianlight/gollama.cpp/gollama.go:1169.52,1171.18 2 0
github.com/dianlight/gollama.cpp/gollama.go:1171.18,1173.4 1 0
github.com/dianlight/gollama.cpp/gollama.go:1174.3,1174.13 1 0
github.com/dianlight/gollama.cpp/gollama.go:1177.2,1177.60 1 0
github.com/dianlight/gollama.cpp/gollama.go:1181.44,1182.39 1 0
github.com/dianlight/gollama.cpp/gollama.go:1182.39,1184.3 1 0
github.com/dianlight/gollama.cpp/gollama.go:1185.2,1185.28 1 0
github.com/dianlight/gollama.cpp/gollama.go:1189.57,1190.39 1 0
github.com/dianlight/gollama.cpp/gollama.go:1190.39,1192.3 1 0
github.com/dianlight/gollama.cpp/gollama.go:1193.2,1193.34 1 0
github.com/dianlight/gollama.cpp/gollama.go:1197.67,1198.39 1 0
github.com/dianlight/gollama.cpp/gollama.go:1198.39,1200.3 1 0
github.com/dianlight/gollama.cpp/gollama.go:1204.2,1210.37 3 0
github.com/dianlight/gollama.cpp/gollama.go:1210.37,1216.3 1 0
github.com/dianlight/gollama.cpp/gollama.go:1219.2,1219.16 1 0
github.com/dianlight/gollama.cpp/gollama.go:1219.16,1220.59 1 0
github.com/dianlight/gollama.cpp/gollama.go:1222.2,1227.3 1 0
github.com/dianlight/gollama.cpp/gollama.go:1231.91,1232.39 1 1
github.com/dianlight/gollama.cpp/gollama.go:1232.39,1234.3 1 0
github.com/dianlight/gollama.cpp/gollama.go:1236.2,1236.19 1 1
github.com/dianlight/gollama.cpp/gollama.go:1236.19,1238.3 1 0
github.com/dianlight/gollama.cpp/gollama.go:1242.2,1251.37 4 1
github.com/dianlight/gollama.cpp/gollama.go:1251.37,1257.3 1 1
github.com/dianlight/gollama.cpp/gollama.go:1260.2,1260.16 1 1
github.com/dianlight/gollama.cpp/gollama.go:1260.16,1261.59 1 0
github.com/dianlight/gollama.cpp/gollama.go:1263.2,1268.3 1 1
github.com/dianlight/gollama.cpp/gollama.go:1272.41,1273.39 1 0
github.com/dianlight/gollama.cpp/gollama.go:1273.39,1274.13 1 0
github.com/dianlight/gollama.cpp/gollama.go:1276.2,1276.33 1 0
github.com/dianlight/gollama.cpp/gollama.go:1280.70,1285.14 2 0
github.com/dianlight/gollama.cpp/gollama.go:1285.14,1286.62 1 0
github.com/dianlight/gollama.cpp/gollama.go:1286.62,1288.4 1 0
github.com/dianlight/gollama.cpp/gollama.go:1292.2,1292.74 1 0
github.com/dianlight/gollama.cpp/gollama.go:1292.74,1294.3 1 0
github.com/dianlight/gollama.cpp/gollama.go:1297.2,1297.10 1 0
github.com/dianlight/gollama.cpp/gollama.go:1301.42,1304.2 0 0
github.com/dianlight/gollama.cpp/gollama.go:1307.83,1308.39 1 0
github.com/dianlight/gollama.cpp/gollama.go:1308.39,1310.3 1 0
github.com/dianlight/gollama.cpp/gollama.go:1311.2,1311.46 1 0
github.com/dianlight/gollama.cpp/gollama.go:1317.33,1318.39 1 0
github.com/dianlight/gollama.cpp/gollama.go:1318.39,1320.3 1 0
github.com/dianlight/gollama.cpp/gollama.go:1322.2,1323.16 2 0
github.com/dianlight/gollama.cpp/gollama.go:1323.16,1325.3 1 0
github.com/dianlight/gollama.cpp/gollama.go:1329.2,1329.11 1 0
github.com/dianlight/gollama.cpp/gollama.go:1333.27,1334.39 1 1
github.com/dianlight/gollama.cpp/gollama.go:1334.39,1336.3 1 0
github.com/dianlight/gollama.cpp/gollama.go:1337.2,1337.28 1 1
github.com/dianlight/gollama.cpp/gollama.go:1341.28,1342.39 1 1
github.com/dianlight/gollama.cpp/gollama.go:1342.39,1344.3 1 0
github.com/dianlight/gollama.cpp/gollama.go:1345.2,1345.29 1 1
github.com/dianlight/gollama.cpp/gollama.go:1349.34,1350.39 1 1
github.com/dianlight/gollama.cpp/gollama.go:1350.39,1352.3 1 0
github.com/dianlight/gollama.cpp/gollama.go:1353.2,1353.34 1 1
github.com/dianlight/gollama.cpp/gollama.go:1357.27,1358.39 1 1
github.com/dianlight/gollama.cpp/gollama.go:1358.39,1360.3 1 0
github.com/dianlight/gollama.cpp/gollama.go:1361.2,1361.26 1 1
github.com/dianlight/gollama.cpp/gollama.go:1365.44,1366.64 1 0
github.com/dianlight/gollama.cpp/gollama.go:1366.64,1368.3 1 0
github.com/dianlight/gollama.cpp/gollama.go:1370.2,1379.3 1 0
github.com/dianlight/gollama.cpp/gollama.go:1382.48,1383.66 1 0
github.com/dianlight/gollama.cpp/gollama.go:1383.66,1385.3 1 0
github.com/dianlight/gollama.cpp/gollama.go:1387.2,1413.3 1 0
github.com/dianlight/gollama.cpp/gollama.go:1416.58,1417.71 1 0
github.com/dianlight/gollama.cpp/gollama.go:1417.71,1419.3 1 0
github.com/dianlight/gollama.cpp/gollama.go:1421.2,1423.3 1 0
github.com/dianlight/gollama.cpp/gollama.go:1427.41,1429.22 1 1
github.com/dianlight/gollama.cpp/gollama.go:1430.16,1432.33 1 1
github.com/dianlight/gollama.cpp/gollama.go:1433.26,1435.25 1 0
github.com/dianlight/gollama.cpp/gollama.go:1435.25,1437.4 1 0
github.com/dianlight/gollama.cpp/gollama.go:1438.3,1438.30 1 0
github.com/dianlight/gollama.cpp/gollama.go:1438.30,1440.4 1 0
github.com/dianlight/gollama.cpp/gollama.go:1441.3,1441.31 1 0
github.com/dianlight/gollama.cpp/gollama.go:1441.31,1443.4 1 0
github.com/dianlight/gollama.cpp/gollama.go:1444.3,1444.27 1 0
github.com/dianlight/gollama.cpp/gollama.go:1444.27,1446.4 1 0
github.com/dianlight/gollama.cpp/gollama.go:1447.3,1447.28 1 0
github.com/dianlight/gollama.cpp/gollama.go:1447.28,1449.4 1 0
github.com/dianlight/gollama.cpp/gollama.go:1450.3,1450.31 1 0
github.com/dianlight/gollama.cpp/gollama.go:1451.10,1452.31 1 0
github.com/dianlight/gollama.cpp/gollama.go:1457.38,1460.2 2 1
github.com/dianlight/gollama.cpp/loader.go:23.45,25.2 1 1
github.com/dianlight/gollama.cpp/loader.go:29.70,33.14 3 1
github.com/dianlight/gollama.cpp/loader.go:33.14,35.3 1 1
github.com/dianlight/gollama.cpp/loader.go:38.2,38.25 1 1
github.com/dianlight/gollama.cpp/loader.go:38.25,41.57 2 1
github.com/dianlight/gollama.cpp/loader.go:41.57,43.4 1 0
github.com/dianlight/gollama.cpp/loader.go:45.3,46.17 2 1
github.com/dianlight/gollama.cpp/loader.go:46.17,48.4 1 0
github.com/dianlight/gollama.cpp/loader.go:49.3,49.28 1 1
github.com/dianlight/gollama.cpp/loader.go:53.2,56.19 3 1
github.com/dianlight/gollama.cpp/loader.go:56.19,58.17 2 1
github.com/dianlight/gollama.cpp/loader.go:58.17,60.4 1 0
github.com/dianlight/gollama.cpp/loader.go:61.8,63.17 2 0
github.com/dianlight/gollama.cpp/loader.go:63.17,65.4 1 0
github.com/dianlight/gollama.cpp/loader.go:69.2,70.16 2 1
github.com/dianlight/gollama.cpp/loader.go:70.16,72.3 1 0
github.com/dianlight/gollama.cpp/loader.go:75.2,76.16 2 1
github.com/dianlight/gollama.cpp/loader.go:76.16,78.3 1 0
github.com/dianlight/gollama.cpp/loader.go:81.2,83.16 3 1
github.com/dianlight/gollama.cpp/loader.go:83.16,86.17 2 1
github.com/dianlight/gollama.cpp/loader.go:86.17,88.4 1 1
github.com/dianlight/gollama.cpp/loader.go:90.3,94.13 4 0
github.com/dianlight/gollama.cpp/loader.go:98.2,99.16 2 0
github.com/dianlight/gollama.cpp/loader.go:99.16,101.3 1 0
github.com/dianlight/gollama.cpp/loader.go:104.2,105.16 2 0
github.com/dianlight/gollama.cpp/loader.go:105.16,107.3 1 0
github.com/dianlight/gollama.cpp/loader.go:110.2,111.16 2 0
github.com/dianlight/gollama.cpp/loader.go:111.16,113.3 1 0
github.com/dianlight/gollama.cpp/loader.go:115.2,119.12 4 0
github.com/dianlight/gollama.cpp/loader.go:123.47,127.15 3 1
github.com/dianlight/gollama.cpp/loader.go:127.15,129.3 1 1
github.com/dianlight/gollama.cpp/loader.go:132.2,132.19 1 1
github.com/dianlight/gollama.cpp/loader.go:132.19,133.60 1 1
github.com/dianlight/gollama.cpp/loader.go:133.60,136.4 1 1
github.com/dianlight/gollama.cpp/loader.go:142.2,142.21 1 1
github.com/dianlight/gollama.cpp/loader.go:142.21,144.3 1 1
github.com/dianlight/gollama.cpp/loader.go:146.2,151.12 5 1
github.com/dianlight/gollama.cpp/loader.go:155.58,158.14 2 1
github.com/dianlight/gollama.cpp/loader.go:159.16,160.31 1 1
github.com/dianlight/gollama.cpp/loader.go:161.15,162.28 1 0
github.com/dianlight/gollama.cpp/loader.go:163.17,164.26 1 0
github.com/dianlight/gollama.cpp/loader.go:165.10,166.52 1 0
github.com/dianlight/gollama.cpp/loader.go:173.68,178.2 1 1
github.com/dianlight/gollama.cpp/loader.go:181.45,185.2 3 1
github.com/dianlight/gollama.cpp/loader.go:188.41,192.2 3 1
github.com/dianlight/gollama.cpp/loader.go:195.73,196.22 1 1
github.com/dianlight/gollama.cpp/loader.go:197.17,200.75 1 0
github.com/dianlight/gollama.cpp/loader.go:201.10,203.35 1 1
github.com/dianlight/gollama.cpp/loader.go:210.51,212.2 1 0
github.com/dianlight/gollama.cpp/loader.go:215.29,217.2 1 1
github.com/dianlight/gollama.cpp/loader.go:220.29,222.2 1 1
github.com/dianlight/gollama.cpp/loader.go:225.60,227.17 2 1
github.com/dianlight/gollama.cpp/loader.go:227.17,229.3 1 1
github.com/dianlight/gollama.cpp/loader.go:231.2,232.12 2 0
github.com/dianlight/gollama.cpp/loader.go:236.16,238.2 1 1
github.com/dianlight/gollama.cpp/loader.go:241.32,242.36 1 0
github.com/dianlight/gollama.cpp/loader.go:242.36,244.3 1 0
github.com/dianlight/gollama.cpp/loader.go:245.2,245.12 1 0
github.com/dianlight/gollama.cpp/loader.go:251.98,252.36 1 0
github.com/dianlight/gollama.cpp/loader.go:252.36,255.57 2 0
github.com/dianlight/gollama.cpp/loader.go:255.57,257.4 1 0
github.com/dianlight/gollama.cpp/loader.go:259.3,260.17 2 0
github.com/dianlight/gollama.cpp/loader.go:260.17,262.4 1 0
github.com/dianlight/gollama.cpp/loader.go:263.3,263.39 1 0
github.com/dianlight/gollama.cpp/loader.go:266.2,266.78 1 0
github.com/dianlight/gollama.cpp/loader.go:270.56,271.36 1 0
github.com/dianlight/gollama.cpp/loader.go:271.36,274.57 2 0
github.com/dianlight/gollama.cpp/loader.go:274.57,276.4 1 0
github.com/dianlight/gollama.cpp/loader.go:278.3,279.17 2 0
github.com/dianlight/gollama.cpp/loader.go:279.17,281.4 1 0
github.com/dianlight/gollama.cpp/loader.go:282.3,282.39 1 0
github.com/dianlight/gollama.cpp/loader.go:285.2,285.58 1 0
github.com/dianlight/gollama.cpp/loader.go:289.43,290.36 1 1
github.com/dianlight/gollama.cpp/loader.go:290.36,293.57 2 1
github.com/dianlight/gollama.cpp/loader.go:293.57,295.4 1 1
github.com/dianlight/gollama.cpp/loader.go:297.3,298.17 2 1
github.com/dianlight/gollama.cpp/loader.go:298.17,300.4 1 0
github.com/dianlight/gollama.cpp/loader.go:301.3,301.39 1 1
github.com/dianlight/gollama.cpp/loader.go:304.2,304.51 1 1
github.com/dianlight/gollama.cpp/platform_unix.go:10.59,12.2 1 1
github.com/dianlight/gollama.cpp/platform_unix.go:15.49,17.2 1 1
github.com/dianlight/gollama.cpp/platform_unix.go:20.70,22.2 1 1
github.com/dianlight/gollama.cpp/platform_unix.go:25.75,27.2 1 1
github.com/dianlight/gollama.cpp/platform_unix.go:30.33,32.2 1 1
github.com/dianlight/gollama.cpp/platform_unix.go:35.31,37.2 1 1
github.com/dianlight/gollama.cpp/cmd/gollama-download/main.go:13.13,27.18 3 0
github.com/dianlight/gollama.cpp/cmd/gollama-download/main.go:27.18,31.3 3 0
github.com/dianlight/gollama.cpp/cmd/gollama-download/main.go:33.2,33.17 1 0
github.com/dianlight/gollama.cpp/cmd/gollama-download/main.go:33.17,35.53 2 0
github.com/dianlight/gollama.cpp/cmd/gollama-download/main.go:35.53,37.4 1 0
github.com/dianlight/gollama.cpp/cmd/gollama-download/main.go:38.3,39.9 2 0
github.com/dianlight/gollama.cpp/cmd/gollama-download/main.go:42.2,42.27 1 0
github.com/dianlight/gollama.cpp/cmd/gollama-download/main.go:42.27,45.17 3 0
github.com/dianlight/gollama.cpp/cmd/gollama-download/main.go:45.17,47.4 1 0
github.com/dianlight/gollama.cpp/cmd/gollama-download/main.go:48.3,49.9 2 0
github.com/dianlight/gollama.cpp/cmd/gollama-download/main.go:52.2,52.18 1 0
github.com/dianlight/gollama.cpp/cmd/gollama-download/main.go:52.18,61.17 4 0
github.com/dianlight/gollama.cpp/cmd/gollama-download/main.go:61.17,63.4 1 0
github.com/dianlight/gollama.cpp/cmd/gollama-download/main.go:65.3,66.9 2 0
github.com/dianlight/gollama.cpp/cmd/gollama-download/main.go:69.2,69.22 1 0
github.com/dianlight/gollama.cpp/cmd/gollama-download/main.go:69.22,72.34 3 0
github.com/dianlight/gollama.cpp/cmd/gollama-download/main.go:72.34,74.4 1 0
github.com/dianlight/gollama.cpp/cmd/gollama-download/main.go:76.3,77.17 2 0
github.com/dianlight/gollama.cpp/cmd/gollama-download/main.go:77.17,79.4 1 0
github.com/dianlight/gollama.cpp/cmd/gollama-download/main.go:81.3,82.9 2 0
github.com/dianlight/gollama.cpp/cmd/gollama-download/main.go:85.2,85.19 1 0
github.com/dianlight/gollama.cpp/cmd/gollama-download/main.go:85.19,88.17 3 0
github.com/dianlight/gollama.cpp/cmd/gollama-download/main.go:88.17,90.4 1 0
github.com/dianlight/gollama.cpp/cmd/gollama-download/main.go:92.3,93.21 2 0
github.com/dianlight/gollama.cpp/cmd/gollama-download/main.go:93.21,96.4 2 0
github.com/dianlight/gollama.cpp/cmd/gollama-download/main.go:96.9,99.4 2 0
github.com/dianlight/gollama.cpp/cmd/gollama-download/main.go:101.3,101.17 1 0
github.com/dianlight/gollama.cpp/cmd/gollama-download/main.go:101.17,103.4 1 0
github.com/dianlight/gollama.cpp/cmd/gollama-download/main.go:105.3,106.29 2 0
github.com/dianlight/gollama.cpp/cmd/gollama-download/main.go:106.29,108.4 1 0
github.com/dianlight/gollama.cpp/cmd/gollama-download/main.go:109.3,112.17 3 0
github.com/dianlight/gollama.cpp/cmd/gollama-download/main.go:112.17,114.4 1 0
github.com/dianlight/gollama.cpp/cmd/gollama-download/main.go:116.3,119.17 3 0
github.com/dianlight/gollama.cpp/cmd/gollama-download/main.go:119.17,121.4 1 0
github.com/dianlight/gollama.cpp/cmd/gollama-download/main.go:123.3,126.9 4 0
github.com/dianlight/gollama.cpp/cmd/gollama-download/main.go:129.2,129.15 1 0
github.com/dianlight/gollama.cpp/cmd/gollama-download/main.go:129.15,133.21 3 0
github.com/dianlight/gollama.cpp/cmd/gollama-download/main.go:133.21,136.4 2 0
github.com/dianlight/gollama.cpp/cmd/gollama-download/main.go:136.9,139.4 2 0
github.com/dianlight/gollama.cpp/cmd/gollama-download/main.go:141.3,141.17 1 0
github.com/dianlight/gollama.cpp/cmd/gollama-download/main.go:141.17,143.4 1 0
github.com/dianlight/gollama.cpp/cmd/gollama-download/main.go:145.3,148.20 2 0
github.com/dianlight/gollama.cpp/cmd/gollama-download/main.go:148.20,153.4 1 0
github.com/dianlight/gollama.cpp/cmd/gollama-download/main.go:155.3,155.9 1 0
github.com/dianlight/gollama.cpp/cmd/gollama-download/main.go:159.2,171.92 13 0
github.com/dianlight/gollama.cpp/cmd/gollama-download/main.go:175.80,180.33 4 0
github.com/dianlight/gollama.cpp/cmd/gollama-download/main.go:180.33,181.21 1 0
github.com/dianlight/gollama.cpp/cmd/gollama-download/main.go:181.21,184.32 3 0
github.com/dianlight/gollama.cpp/cmd/gollama-download/main.go:184.32,186.5 1 0
github.com/dianlight/gollama.cpp/cmd/gollama-download/main.go:187.4,187.46 1 0
github.com/dianlight/gollama.cpp/cmd/gollama-download/main.go:187.46,189.5 1 0
github.com/dianlight/gollama.cpp/cmd/gollama-download/main.go:190.4,190.17 1 0
github.com/dianlight/gollama.cpp/cmd/gollama-download/main.go:191.9,193.27 2 0
github.com/dianlight/gollama.cpp/cmd/gollama-download/main.go:193.27,195.5 1 0
github.com/dianlight/gollama.cpp/cmd/gollama-download/main.go:196.4,196.17 1 0
github.com/dianlight/gollama.cpp/cmd/gollama-download/main.go:200.2,200.96 1 0
